DEBUG:PIL.PngImagePlugin:STREAM b'IHDR' 16 13
DEBUG:PIL.PngImagePlugin:STREAM b'sRGB' 41 1
DEBUG:PIL.PngImagePlugin:STREAM b'gAMA' 54 4
DEBUG:PIL.PngImagePlugin:STREAM b'PLTE' 70 6
DEBUG:PIL.PngImagePlugin:STREAM b'tRNS' 88 2
DEBUG:PIL.PngImagePlugin:STREAM b'pHYs' 102 9
DEBUG:PIL.PngImagePlugin:STREAM b'IDAT' 123 98
DEBUG:PIL.PngImagePlugin:STREAM b'IHDR' 16 13
DEBUG:PIL.PngImagePlugin:STREAM b'sRGB' 41 1
DEBUG:PIL.PngImagePlugin:STREAM b'gAMA' 54 4
DEBUG:PIL.PngImagePlugin:STREAM b'PLTE' 70 9
DEBUG:PIL.PngImagePlugin:STREAM b'tRNS' 91 3
DEBUG:PIL.PngImagePlugin:STREAM b'pHYs' 106 9
DEBUG:PIL.PngImagePlugin:STREAM b'IDAT' 127 123
DEBUG:PIL.PngImagePlugin:STREAM b'IHDR' 16 13
DEBUG:PIL.PngImagePlugin:STREAM b'sRGB' 41 1
DEBUG:PIL.PngImagePlugin:STREAM b'gAMA' 54 4
DEBUG:PIL.PngImagePlugin:STREAM b'PLTE' 70 6
DEBUG:PIL.PngImagePlugin:STREAM b'tRNS' 88 2
DEBUG:PIL.PngImagePlugin:STREAM b'pHYs' 102 9
DEBUG:PIL.PngImagePlugin:STREAM b'IDAT' 123 66
DEBUG:PIL.PngImagePlugin:STREAM b'IHDR' 16 13
DEBUG:PIL.PngImagePlugin:STREAM b'sRGB' 41 1
DEBUG:PIL.PngImagePlugin:STREAM b'gAMA' 54 4
DEBUG:PIL.PngImagePlugin:STREAM b'pHYs' 70 9
DEBUG:PIL.PngImagePlugin:STREAM b'IDAT' 91 291
DEBUG:PIL.PngImagePlugin:STREAM b'IHDR' 16 13
DEBUG:PIL.PngImagePlugin:STREAM b'sBIT' 41 4
DEBUG:PIL.PngImagePlugin:b'sBIT' 41 4 (unknown)
DEBUG:PIL.PngImagePlugin:STREAM b'sRGB' 57 1
DEBUG:PIL.PngImagePlugin:STREAM b'gAMA' 70 4
DEBUG:PIL.PngImagePlugin:STREAM b'pHYs' 86 9
DEBUG:PIL.PngImagePlugin:STREAM b'tEXt' 107 25
DEBUG:PIL.PngImagePlugin:STREAM b'IDAT' 144 379
DEBUG:PIL.PngImagePlugin:STREAM b'IHDR' 16 13
DEBUG:PIL.PngImagePlugin:STREAM b'sBIT' 41 4
DEBUG:PIL.PngImagePlugin:b'sBIT' 41 4 (unknown)
DEBUG:PIL.PngImagePlugin:STREAM b'sRGB' 57 1
DEBUG:PIL.PngImagePlugin:STREAM b'gAMA' 70 4
DEBUG:PIL.PngImagePlugin:STREAM b'pHYs' 86 9
DEBUG:PIL.PngImagePlugin:STREAM b'tEXt' 107 25
DEBUG:PIL.PngImagePlugin:STREAM b'IDAT' 144 217
DEBUG:PIL.PngImagePlugin:STREAM b'IHDR' 16 13
DEBUG:PIL.PngImagePlugin:STREAM b'sBIT' 41 4
DEBUG:PIL.PngImagePlugin:b'sBIT' 41 4 (unknown)
DEBUG:PIL.PngImagePlugin:STREAM b'sRGB' 57 1
DEBUG:PIL.PngImagePlugin:STREAM b'gAMA' 70 4
DEBUG:PIL.PngImagePlugin:STREAM b'pHYs' 86 9
DEBUG:PIL.PngImagePlugin:STREAM b'tEXt' 107 25
DEBUG:PIL.PngImagePlugin:STREAM b'IDAT' 144 279
